[0.172s] DEBUG:colcon:Command line arguments: ['/usr/bin/colcon', 'build']
[0.172s] DEBUG:colcon:Parsed command line arguments: Namespace(log_base=None, log_level=None, verb_name='build', build_base='build', install_base='install', merge_install=False, symlink_install=False, test_result_base=None, continue_on_error=False, executor='parallel', parallel_workers=2, event_handlers=None, ignore_user_meta=False, metas=['./colcon.meta'], base_paths=['.'], packages_ignore=None, packages_ignore_regex=None, paths=None, packages_up_to=None, packages_up_to_regex=None, packages_above=None, packages_above_and_dependencies=None, packages_above_depth=None, packages_select_by_dep=None, packages_skip_by_dep=None, packages_skip_up_to=None, packages_select_build_failed=False, packages_skip_build_finished=False, packages_select_test_failures=False, packages_skip_test_passed=False, packages_select=None, packages_skip=None, packages_select_regex=None, packages_skip_regex=None, packages_start=None, packages_end=None, allow_overriding=[], cmake_args=None, cmake_target=None, cmake_target_skip_unavailable=False, cmake_clean_cache=False, cmake_clean_first=False, cmake_force_configure=False, ament_cmake_args=None, catkin_cmake_args=None, catkin_skip_building_tests=False, mixin_files=None, mixin=None, verb_parser=<colcon_mixin.mixin.mixin_argument.MixinArgumentDecorator object at 0x7009579335e0>, verb_extension=<colcon_core.verb.build.BuildVerb object at 0x7009579330a0>, main=<bound method BuildVerb.main of <colcon_core.verb.build.BuildVerb object at 0x7009579330a0>>, mixin_verb=('build',))
[0.516s] Level 1:colcon.colcon_core.package_discovery:discover_packages(colcon_meta) check parameters
[0.516s] Level 1:colcon.colcon_core.package_discovery:discover_packages(recursive) check parameters
[0.516s] Level 1:colcon.colcon_core.package_discovery:discover_packages(ignore) check parameters
[0.516s] Level 1:colcon.colcon_core.package_discovery:discover_packages(path) check parameters
[0.516s] Level 1:colcon.colcon_core.package_discovery:discover_packages(colcon_meta) discover
[0.516s] Level 1:colcon.colcon_core.package_discovery:discover_packages(recursive) discover
[0.516s] INFO:colcon.colcon_core.package_discovery:Crawling recursively for packages in '/home/robousr/ROS2Dev/robot_2025_ws/src'
[0.517s] Level 1:colcon.colcon_core.package_identification:_identify(.) by extensions ['ignore', 'ignore_ament_install']
[0.517s] Level 1:colcon.colcon_core.package_identification:_identify(.) by extension 'ignore'
[0.517s] Level 1:colcon.colcon_core.package_identification:_identify(.) by extension 'ignore_ament_install'
[0.517s] Level 1:colcon.colcon_core.package_identification:_identify(.) by extensions ['colcon_pkg']
[0.517s] Level 1:colcon.colcon_core.package_identification:_identify(.) by extension 'colcon_pkg'
[0.517s] Level 1:colcon.colcon_core.package_identification:_identify(.) by extensions ['colcon_meta']
[0.517s] Level 1:colcon.colcon_core.package_identification:_identify(.) by extension 'colcon_meta'
[0.517s] Level 1:colcon.colcon_core.package_identification:_identify(.) by extensions ['ros']
[0.517s] Level 1:colcon.colcon_core.package_identification:_identify(.) by extension 'ros'
[0.534s] Level 1:colcon.colcon_core.package_identification:_identify(.) by extensions ['cmake', 'python']
[0.534s] Level 1:colcon.colcon_core.package_identification:_identify(.) by extension 'cmake'
[0.534s] Level 1:colcon.colcon_core.package_identification:_identify(.) by extension 'python'
[0.534s] Level 1:colcon.colcon_core.package_identification:_identify(.) by extensions ['python_setup_py']
[0.534s] Level 1:colcon.colcon_core.package_identification:_identify(.) by extension 'python_setup_py'
[0.534s] Level 1:colcon.colcon_core.package_identification:_identify(blink_description) by extensions ['ignore', 'ignore_ament_install']
[0.535s] Level 1:colcon.colcon_core.package_identification:_identify(blink_description) by extension 'ignore'
[0.535s] Level 1:colcon.colcon_core.package_identification:_identify(blink_description) by extension 'ignore_ament_install'
[0.535s] Level 1:colcon.colcon_core.package_identification:_identify(blink_description) by extensions ['colcon_pkg']
[0.535s] Level 1:colcon.colcon_core.package_identification:_identify(blink_description) by extension 'colcon_pkg'
[0.535s] Level 1:colcon.colcon_core.package_identification:_identify(blink_description) by extensions ['colcon_meta']
[0.535s] Level 1:colcon.colcon_core.package_identification:_identify(blink_description) by extension 'colcon_meta'
[0.535s] Level 1:colcon.colcon_core.package_identification:_identify(blink_description) by extensions ['ros']
[0.535s] Level 1:colcon.colcon_core.package_identification:_identify(blink_description) by extension 'ros'
[0.538s] DEBUG:colcon.colcon_core.package_identification:Package 'blink_description' with type 'ros.ament_cmake' and name 'blink_description'
[0.538s] Level 1:colcon.colcon_core.package_identification:_identify(build) by extensions ['ignore', 'ignore_ament_install']
[0.538s] Level 1:colcon.colcon_core.package_identification:_identify(build) by extension 'ignore'
[0.538s] Level 1:colcon.colcon_core.package_identification:_identify(build) ignored
[0.539s] Level 1:colcon.colcon_core.package_identification:_identify(install) by extensions ['ignore', 'ignore_ament_install']
[0.539s] Level 1:colcon.colcon_core.package_identification:_identify(install) by extension 'ignore'
[0.539s] Level 1:colcon.colcon_core.package_identification:_identify(install) ignored
[0.539s] Level 1:colcon.colcon_core.package_identification:_identify(log) by extensions ['ignore', 'ignore_ament_install']
[0.539s] Level 1:colcon.colcon_core.package_identification:_identify(log) by extension 'ignore'
[0.539s] Level 1:colcon.colcon_core.package_identification:_identify(log) ignored
[0.539s] Level 1:colcon.colcon_core.package_identification:_identify(notebooks) by extensions ['ignore', 'ignore_ament_install']
[0.539s] Level 1:colcon.colcon_core.package_identification:_identify(notebooks) by extension 'ignore'
[0.539s] Level 1:colcon.colcon_core.package_identification:_identify(notebooks) by extension 'ignore_ament_install'
[0.539s] Level 1:colcon.colcon_core.package_identification:_identify(notebooks) by extensions ['colcon_pkg']
[0.539s] Level 1:colcon.colcon_core.package_identification:_identify(notebooks) by extension 'colcon_pkg'
[0.540s] Level 1:colcon.colcon_core.package_identification:_identify(notebooks) by extensions ['colcon_meta']
[0.540s] Level 1:colcon.colcon_core.package_identification:_identify(notebooks) by extension 'colcon_meta'
[0.540s] Level 1:colcon.colcon_core.package_identification:_identify(notebooks) by extensions ['ros']
[0.540s] Level 1:colcon.colcon_core.package_identification:_identify(notebooks) by extension 'ros'
[0.540s] Level 1:colcon.colcon_core.package_identification:_identify(notebooks) by extensions ['cmake', 'python']
[0.540s] Level 1:colcon.colcon_core.package_identification:_identify(notebooks) by extension 'cmake'
[0.540s] Level 1:colcon.colcon_core.package_identification:_identify(notebooks) by extension 'python'
[0.540s] Level 1:colcon.colcon_core.package_identification:_identify(notebooks) by extensions ['python_setup_py']
[0.540s] Level 1:colcon.colcon_core.package_identification:_identify(notebooks) by extension 'python_setup_py'
[0.540s] Level 1:colcon.colcon_core.package_identification:_identify(notebooks/Practica_1) by extensions ['ignore', 'ignore_ament_install']
[0.541s] Level 1:colcon.colcon_core.package_identification:_identify(notebooks/Practica_1) by extension 'ignore'
[0.541s] Level 1:colcon.colcon_core.package_identification:_identify(notebooks/Practica_1) by extension 'ignore_ament_install'
[0.541s] Level 1:colcon.colcon_core.package_identification:_identify(notebooks/Practica_1) by extensions ['colcon_pkg']
[0.541s] Level 1:colcon.colcon_core.package_identification:_identify(notebooks/Practica_1) by extension 'colcon_pkg'
[0.541s] Level 1:colcon.colcon_core.package_identification:_identify(notebooks/Practica_1) by extensions ['colcon_meta']
[0.541s] Level 1:colcon.colcon_core.package_identification:_identify(notebooks/Practica_1) by extension 'colcon_meta'
[0.541s] Level 1:colcon.colcon_core.package_identification:_identify(notebooks/Practica_1) by extensions ['ros']
[0.541s] Level 1:colcon.colcon_core.package_identification:_identify(notebooks/Practica_1) by extension 'ros'
[0.541s] Level 1:colcon.colcon_core.package_identification:_identify(notebooks/Practica_1) by extensions ['cmake', 'python']
[0.542s] Level 1:colcon.colcon_core.package_identification:_identify(notebooks/Practica_1) by extension 'cmake'
[0.542s] Level 1:colcon.colcon_core.package_identification:_identify(notebooks/Practica_1) by extension 'python'
[0.542s] Level 1:colcon.colcon_core.package_identification:_identify(notebooks/Practica_1) by extensions ['python_setup_py']
[0.542s] Level 1:colcon.colcon_core.package_identification:_identify(notebooks/Practica_1) by extension 'python_setup_py'
[0.542s] Level 1:colcon.colcon_core.package_identification:_identify(notebooks/Practica_1/images) by extensions ['ignore', 'ignore_ament_install']
[0.542s] Level 1:colcon.colcon_core.package_identification:_identify(notebooks/Practica_1/images) by extension 'ignore'
[0.542s] Level 1:colcon.colcon_core.package_identification:_identify(notebooks/Practica_1/images) by extension 'ignore_ament_install'
[0.542s] Level 1:colcon.colcon_core.package_identification:_identify(notebooks/Practica_1/images) by extensions ['colcon_pkg']
[0.542s] Level 1:colcon.colcon_core.package_identification:_identify(notebooks/Practica_1/images) by extension 'colcon_pkg'
[0.543s] Level 1:colcon.colcon_core.package_identification:_identify(notebooks/Practica_1/images) by extensions ['colcon_meta']
[0.543s] Level 1:colcon.colcon_core.package_identification:_identify(notebooks/Practica_1/images) by extension 'colcon_meta'
[0.543s] Level 1:colcon.colcon_core.package_identification:_identify(notebooks/Practica_1/images) by extensions ['ros']
[0.543s] Level 1:colcon.colcon_core.package_identification:_identify(notebooks/Practica_1/images) by extension 'ros'
[0.543s] Level 1:colcon.colcon_core.package_identification:_identify(notebooks/Practica_1/images) by extensions ['cmake', 'python']
[0.543s] Level 1:colcon.colcon_core.package_identification:_identify(notebooks/Practica_1/images) by extension 'cmake'
[0.543s] Level 1:colcon.colcon_core.package_identification:_identify(notebooks/Practica_1/images) by extension 'python'
[0.543s] Level 1:colcon.colcon_core.package_identification:_identify(notebooks/Practica_1/images) by extensions ['python_setup_py']
[0.543s] Level 1:colcon.colcon_core.package_identification:_identify(notebooks/Practica_1/images) by extension 'python_setup_py'
[0.543s] Level 1:colcon.colcon_core.package_identification:_identify(notebooks/mrg-plantilla-repositorio-main) by extensions ['ignore', 'ignore_ament_install']
[0.543s] Level 1:colcon.colcon_core.package_identification:_identify(notebooks/mrg-plantilla-repositorio-main) by extension 'ignore'
[0.543s] Level 1:colcon.colcon_core.package_identification:_identify(notebooks/mrg-plantilla-repositorio-main) by extension 'ignore_ament_install'
[0.543s] Level 1:colcon.colcon_core.package_identification:_identify(notebooks/mrg-plantilla-repositorio-main) by extensions ['colcon_pkg']
[0.543s] Level 1:colcon.colcon_core.package_identification:_identify(notebooks/mrg-plantilla-repositorio-main) by extension 'colcon_pkg'
[0.543s] Level 1:colcon.colcon_core.package_identification:_identify(notebooks/mrg-plantilla-repositorio-main) by extensions ['colcon_meta']
[0.543s] Level 1:colcon.colcon_core.package_identification:_identify(notebooks/mrg-plantilla-repositorio-main) by extension 'colcon_meta'
[0.543s] Level 1:colcon.colcon_core.package_identification:_identify(notebooks/mrg-plantilla-repositorio-main) by extensions ['ros']
[0.543s] Level 1:colcon.colcon_core.package_identification:_identify(notebooks/mrg-plantilla-repositorio-main) by extension 'ros'
[0.543s] Level 1:colcon.colcon_core.package_identification:_identify(notebooks/mrg-plantilla-repositorio-main) by extensions ['cmake', 'python']
[0.543s] Level 1:colcon.colcon_core.package_identification:_identify(notebooks/mrg-plantilla-repositorio-main) by extension 'cmake'
[0.543s] Level 1:colcon.colcon_core.package_identification:_identify(notebooks/mrg-plantilla-repositorio-main) by extension 'python'
[0.543s] Level 1:colcon.colcon_core.package_identification:_identify(notebooks/mrg-plantilla-repositorio-main) by extensions ['python_setup_py']
[0.543s] Level 1:colcon.colcon_core.package_identification:_identify(notebooks/mrg-plantilla-repositorio-main) by extension 'python_setup_py'
[0.543s] Level 1:colcon.colcon_core.package_identification:_identify(notebooks/mrg-plantilla-repositorio-main/docs) by extensions ['ignore', 'ignore_ament_install']
[0.544s] Level 1:colcon.colcon_core.package_identification:_identify(notebooks/mrg-plantilla-repositorio-main/docs) by extension 'ignore'
[0.544s] Level 1:colcon.colcon_core.package_identification:_identify(notebooks/mrg-plantilla-repositorio-main/docs) by extension 'ignore_ament_install'
[0.544s] Level 1:colcon.colcon_core.package_identification:_identify(notebooks/mrg-plantilla-repositorio-main/docs) by extensions ['colcon_pkg']
[0.544s] Level 1:colcon.colcon_core.package_identification:_identify(notebooks/mrg-plantilla-repositorio-main/docs) by extension 'colcon_pkg'
[0.544s] Level 1:colcon.colcon_core.package_identification:_identify(notebooks/mrg-plantilla-repositorio-main/docs) by extensions ['colcon_meta']
[0.544s] Level 1:colcon.colcon_core.package_identification:_identify(notebooks/mrg-plantilla-repositorio-main/docs) by extension 'colcon_meta'
[0.544s] Level 1:colcon.colcon_core.package_identification:_identify(notebooks/mrg-plantilla-repositorio-main/docs) by extensions ['ros']
[0.544s] Level 1:colcon.colcon_core.package_identification:_identify(notebooks/mrg-plantilla-repositorio-main/docs) by extension 'ros'
[0.544s] Level 1:colcon.colcon_core.package_identification:_identify(notebooks/mrg-plantilla-repositorio-main/docs) by extensions ['cmake', 'python']
[0.545s] Level 1:colcon.colcon_core.package_identification:_identify(notebooks/mrg-plantilla-repositorio-main/docs) by extension 'cmake'
[0.545s] Level 1:colcon.colcon_core.package_identification:_identify(notebooks/mrg-plantilla-repositorio-main/docs) by extension 'python'
[0.545s] Level 1:colcon.colcon_core.package_identification:_identify(notebooks/mrg-plantilla-repositorio-main/docs) by extensions ['python_setup_py']
[0.545s] Level 1:colcon.colcon_core.package_identification:_identify(notebooks/mrg-plantilla-repositorio-main/docs) by extension 'python_setup_py'
[0.545s] Level 1:colcon.colcon_core.package_identification:_identify(notebooks/mrg-plantilla-repositorio-main/images) by extensions ['ignore', 'ignore_ament_install']
[0.545s] Level 1:colcon.colcon_core.package_identification:_identify(notebooks/mrg-plantilla-repositorio-main/images) by extension 'ignore'
[0.545s] Level 1:colcon.colcon_core.package_identification:_identify(notebooks/mrg-plantilla-repositorio-main/images) by extension 'ignore_ament_install'
[0.545s] Level 1:colcon.colcon_core.package_identification:_identify(notebooks/mrg-plantilla-repositorio-main/images) by extensions ['colcon_pkg']
[0.545s] Level 1:colcon.colcon_core.package_identification:_identify(notebooks/mrg-plantilla-repositorio-main/images) by extension 'colcon_pkg'
[0.545s] Level 1:colcon.colcon_core.package_identification:_identify(notebooks/mrg-plantilla-repositorio-main/images) by extensions ['colcon_meta']
[0.545s] Level 1:colcon.colcon_core.package_identification:_identify(notebooks/mrg-plantilla-repositorio-main/images) by extension 'colcon_meta'
[0.545s] Level 1:colcon.colcon_core.package_identification:_identify(notebooks/mrg-plantilla-repositorio-main/images) by extensions ['ros']
[0.545s] Level 1:colcon.colcon_core.package_identification:_identify(notebooks/mrg-plantilla-repositorio-main/images) by extension 'ros'
[0.545s] Level 1:colcon.colcon_core.package_identification:_identify(notebooks/mrg-plantilla-repositorio-main/images) by extensions ['cmake', 'python']
[0.545s] Level 1:colcon.colcon_core.package_identification:_identify(notebooks/mrg-plantilla-repositorio-main/images) by extension 'cmake'
[0.545s] Level 1:colcon.colcon_core.package_identification:_identify(notebooks/mrg-plantilla-repositorio-main/images) by extension 'python'
[0.545s] Level 1:colcon.colcon_core.package_identification:_identify(notebooks/mrg-plantilla-repositorio-main/images) by extensions ['python_setup_py']
[0.545s] Level 1:colcon.colcon_core.package_identification:_identify(notebooks/mrg-plantilla-repositorio-main/images) by extension 'python_setup_py'
[0.546s] Level 1:colcon.colcon_core.package_discovery:discover_packages(recursive) using defaults
[0.546s] Level 1:colcon.colcon_core.package_discovery:discover_packages(ignore) discover
[0.546s] Level 1:colcon.colcon_core.package_discovery:discover_packages(ignore) using defaults
[0.546s] Level 1:colcon.colcon_core.package_discovery:discover_packages(path) discover
[0.546s] Level 1:colcon.colcon_core.package_discovery:discover_packages(path) using defaults
[0.572s] Level 1:colcon.colcon_core.package_discovery:discover_packages(prefix_path) check parameters
[0.572s] Level 1:colcon.colcon_core.package_discovery:discover_packages(prefix_path) discover
[0.575s] DEBUG:colcon.colcon_installed_package_information.package_discovery:Found 280 installed packages in /opt/ros/humble
[0.576s] Level 1:colcon.colcon_core.package_discovery:discover_packages(prefix_path) using defaults
[0.641s] Level 5:colcon.colcon_core.verb:set package 'blink_description' build argument 'cmake_args' from command line to 'None'
[0.641s] Level 5:colcon.colcon_core.verb:set package 'blink_description' build argument 'cmake_target' from command line to 'None'
[0.641s] Level 5:colcon.colcon_core.verb:set package 'blink_description' build argument 'cmake_target_skip_unavailable' from command line to 'False'
[0.641s] Level 5:colcon.colcon_core.verb:set package 'blink_description' build argument 'cmake_clean_cache' from command line to 'False'
[0.641s] Level 5:colcon.colcon_core.verb:set package 'blink_description' build argument 'cmake_clean_first' from command line to 'False'
[0.641s] Level 5:colcon.colcon_core.verb:set package 'blink_description' build argument 'cmake_force_configure' from command line to 'False'
[0.641s] Level 5:colcon.colcon_core.verb:set package 'blink_description' build argument 'ament_cmake_args' from command line to 'None'
[0.641s] Level 5:colcon.colcon_core.verb:set package 'blink_description' build argument 'catkin_cmake_args' from command line to 'None'
[0.641s] Level 5:colcon.colcon_core.verb:set package 'blink_description' build argument 'catkin_skip_building_tests' from command line to 'False'
[0.641s] DEBUG:colcon.colcon_core.verb:Building package 'blink_description' with the following arguments: {'ament_cmake_args': None, 'build_base': '/home/robousr/ROS2Dev/robot_2025_ws/src/build/blink_description', 'catkin_cmake_args': None, 'catkin_skip_building_tests': False, 'cmake_args': None, 'cmake_clean_cache': False, 'cmake_clean_first': False, 'cmake_force_configure': False, 'cmake_target': None, 'cmake_target_skip_unavailable': False, 'install_base': '/home/robousr/ROS2Dev/robot_2025_ws/src/install/blink_description', 'merge_install': False, 'path': '/home/robousr/ROS2Dev/robot_2025_ws/src/blink_description', 'symlink_install': False, 'test_result_base': None}
[0.641s] INFO:colcon.colcon_core.executor:Executing jobs using 'parallel' executor
[0.644s] DEBUG:colcon.colcon_parallel_executor.executor.parallel:run_until_complete
[0.644s] INFO:colcon.colcon_ros.task.ament_cmake.build:Building ROS package in '/home/robousr/ROS2Dev/robot_2025_ws/src/blink_description' with build type 'ament_cmake'
[0.645s] INFO:colcon.colcon_cmake.task.cmake.build:Building CMake package in '/home/robousr/ROS2Dev/robot_2025_ws/src/blink_description'
[0.648s] INFO:colcon.colcon_core.plugin_system:Skipping extension 'colcon_core.shell.bat': Not used on non-Windows systems
[0.649s] INFO:colcon.colcon_core.shell:Skip shell extension 'powershell' for command environment: Not usable outside of PowerShell
[0.649s] DEBUG:colcon.colcon_core.shell:Skip shell extension 'dsv' for command environment
[0.668s] DEBUG:colcon.colcon_core.event_handler.log_command:Invoking command in '/home/robousr/ROS2Dev/robot_2025_ws/src/build/blink_description': CMAKE_PREFIX_PATH=/opt/ros/humble /usr/bin/cmake --build /home/robousr/ROS2Dev/robot_2025_ws/src/build/blink_description -- -j2 -l2
[0.734s] DEBUG:colcon.colcon_core.event_handler.log_command:Invoked command in '/home/robousr/ROS2Dev/robot_2025_ws/src/build/blink_description' returned '0': CMAKE_PREFIX_PATH=/opt/ros/humble /usr/bin/cmake --build /home/robousr/ROS2Dev/robot_2025_ws/src/build/blink_description -- -j2 -l2
[0.809s] DEBUG:colcon.colcon_core.event_handler.log_command:Invoking command in '/home/robousr/ROS2Dev/robot_2025_ws/src/build/blink_description': CMAKE_PREFIX_PATH=/opt/ros/humble /usr/bin/cmake --install /home/robousr/ROS2Dev/robot_2025_ws/src/build/blink_description
[0.827s] Level 1:colcon.colcon_core.environment:create_environment_scripts_only(blink_description)
[0.828s] DEBUG:colcon.colcon_core.event_handler.log_command:Invoked command in '/home/robousr/ROS2Dev/robot_2025_ws/src/build/blink_description' returned '0': CMAKE_PREFIX_PATH=/opt/ros/humble /usr/bin/cmake --install /home/robousr/ROS2Dev/robot_2025_ws/src/build/blink_description
[0.831s] Level 1:colcon.colcon_core.environment:checking '/home/robousr/ROS2Dev/robot_2025_ws/src/install/blink_description' for CMake module files
[0.831s] Level 1:colcon.colcon_core.environment:checking '/home/robousr/ROS2Dev/robot_2025_ws/src/install/blink_description' for CMake config files
[0.832s] Level 1:colcon.colcon_core.shell:create_environment_hook('blink_description', 'cmake_prefix_path')
[0.832s] INFO:colcon.colcon_core.shell:Creating environment hook '/home/robousr/ROS2Dev/robot_2025_ws/src/install/blink_description/share/blink_description/hook/cmake_prefix_path.ps1'
[0.834s] INFO:colcon.colcon_core.shell:Creating environment descriptor '/home/robousr/ROS2Dev/robot_2025_ws/src/install/blink_description/share/blink_description/hook/cmake_prefix_path.dsv'
[0.835s] INFO:colcon.colcon_core.shell:Creating environment hook '/home/robousr/ROS2Dev/robot_2025_ws/src/install/blink_description/share/blink_description/hook/cmake_prefix_path.sh'
[0.836s] Level 1:colcon.colcon_core.environment:checking '/home/robousr/ROS2Dev/robot_2025_ws/src/install/blink_description/bin'
[0.836s] Level 1:colcon.colcon_core.environment:checking '/home/robousr/ROS2Dev/robot_2025_ws/src/install/blink_description/lib/pkgconfig/blink_description.pc'
[0.836s] Level 1:colcon.colcon_core.environment:checking '/home/robousr/ROS2Dev/robot_2025_ws/src/install/blink_description/lib/python3.10/site-packages'
[0.837s] Level 1:colcon.colcon_core.environment:checking '/home/robousr/ROS2Dev/robot_2025_ws/src/install/blink_description/bin'
[0.837s] INFO:colcon.colcon_core.shell:Creating package script '/home/robousr/ROS2Dev/robot_2025_ws/src/install/blink_description/share/blink_description/package.ps1'
[0.839s] INFO:colcon.colcon_core.shell:Creating package descriptor '/home/robousr/ROS2Dev/robot_2025_ws/src/install/blink_description/share/blink_description/package.dsv'
[0.841s] INFO:colcon.colcon_core.shell:Creating package script '/home/robousr/ROS2Dev/robot_2025_ws/src/install/blink_description/share/blink_description/package.sh'
[0.842s] INFO:colcon.colcon_core.shell:Creating package script '/home/robousr/ROS2Dev/robot_2025_ws/src/install/blink_description/share/blink_description/package.bash'
[0.844s] INFO:colcon.colcon_core.shell:Creating package script '/home/robousr/ROS2Dev/robot_2025_ws/src/install/blink_description/share/blink_description/package.zsh'
[0.846s] Level 1:colcon.colcon_core.environment:create_file_with_runtime_dependencies(/home/robousr/ROS2Dev/robot_2025_ws/src/install/blink_description/share/colcon-core/packages/blink_description)
[0.907s] Level 1:colcon.colcon_core.environment:create_environment_scripts_only(blink_description)
[0.908s] Level 1:colcon.colcon_core.environment:checking '/home/robousr/ROS2Dev/robot_2025_ws/src/install/blink_description' for CMake module files
[0.908s] Level 1:colcon.colcon_core.environment:checking '/home/robousr/ROS2Dev/robot_2025_ws/src/install/blink_description' for CMake config files
[0.909s] Level 1:colcon.colcon_core.shell:create_environment_hook('blink_description', 'cmake_prefix_path')
[0.909s] INFO:colcon.colcon_core.shell:Creating environment hook '/home/robousr/ROS2Dev/robot_2025_ws/src/install/blink_description/share/blink_description/hook/cmake_prefix_path.ps1'
[0.911s] INFO:colcon.colcon_core.shell:Creating environment descriptor '/home/robousr/ROS2Dev/robot_2025_ws/src/install/blink_description/share/blink_description/hook/cmake_prefix_path.dsv'
[0.912s] INFO:colcon.colcon_core.shell:Creating environment hook '/home/robousr/ROS2Dev/robot_2025_ws/src/install/blink_description/share/blink_description/hook/cmake_prefix_path.sh'
[0.914s] Level 1:colcon.colcon_core.environment:checking '/home/robousr/ROS2Dev/robot_2025_ws/src/install/blink_description/bin'
[0.914s] Level 1:colcon.colcon_core.environment:checking '/home/robousr/ROS2Dev/robot_2025_ws/src/install/blink_description/lib/pkgconfig/blink_description.pc'
[0.914s] Level 1:colcon.colcon_core.environment:checking '/home/robousr/ROS2Dev/robot_2025_ws/src/install/blink_description/lib/python3.10/site-packages'
[0.915s] Level 1:colcon.colcon_core.environment:checking '/home/robousr/ROS2Dev/robot_2025_ws/src/install/blink_description/bin'
[0.915s] INFO:colcon.colcon_core.shell:Creating package script '/home/robousr/ROS2Dev/robot_2025_ws/src/install/blink_description/share/blink_description/package.ps1'
[0.916s] INFO:colcon.colcon_core.shell:Creating package descriptor '/home/robousr/ROS2Dev/robot_2025_ws/src/install/blink_description/share/blink_description/package.dsv'
[0.917s] INFO:colcon.colcon_core.shell:Creating package script '/home/robousr/ROS2Dev/robot_2025_ws/src/install/blink_description/share/blink_description/package.sh'
[0.918s] INFO:colcon.colcon_core.shell:Creating package script '/home/robousr/ROS2Dev/robot_2025_ws/src/install/blink_description/share/blink_description/package.bash'
[0.918s] INFO:colcon.colcon_core.shell:Creating package script '/home/robousr/ROS2Dev/robot_2025_ws/src/install/blink_description/share/blink_description/package.zsh'
[0.919s] Level 1:colcon.colcon_core.environment:create_file_with_runtime_dependencies(/home/robousr/ROS2Dev/robot_2025_ws/src/install/blink_description/share/colcon-core/packages/blink_description)
[0.921s] DEBUG:colcon.colcon_parallel_executor.executor.parallel:closing loop
[0.921s] DEBUG:colcon.colcon_parallel_executor.executor.parallel:loop closed
[0.921s] DEBUG:colcon.colcon_parallel_executor.executor.parallel:run_until_complete finished with '0'
[0.922s] DEBUG:colcon.colcon_core.event_reactor:joining thread
[0.929s] INFO:colcon.colcon_core.plugin_system:Skipping extension 'colcon_notification.desktop_notification.terminal_notifier': Not used on non-Darwin systems
[0.929s] INFO:colcon.colcon_core.plugin_system:Skipping extension 'colcon_notification.desktop_notification.win32': Not used on non-Windows systems
[0.929s] INFO:colcon.colcon_notification.desktop_notification:Sending desktop notification using 'notify2'
[0.956s] DEBUG:colcon.colcon_core.event_reactor:joined thread
[0.957s] INFO:colcon.colcon_core.shell:Creating prefix script '/home/robousr/ROS2Dev/robot_2025_ws/src/install/local_setup.ps1'
[0.961s] INFO:colcon.colcon_core.shell:Creating prefix util module '/home/robousr/ROS2Dev/robot_2025_ws/src/install/_local_setup_util_ps1.py'
[0.963s] INFO:colcon.colcon_core.shell:Creating prefix chain script '/home/robousr/ROS2Dev/robot_2025_ws/src/install/setup.ps1'
[0.964s] INFO:colcon.colcon_core.shell:Creating prefix script '/home/robousr/ROS2Dev/robot_2025_ws/src/install/local_setup.sh'
[0.965s] INFO:colcon.colcon_core.shell:Creating prefix util module '/home/robousr/ROS2Dev/robot_2025_ws/src/install/_local_setup_util_sh.py'
[0.966s] INFO:colcon.colcon_core.shell:Creating prefix chain script '/home/robousr/ROS2Dev/robot_2025_ws/src/install/setup.sh'
[0.968s] INFO:colcon.colcon_core.shell:Creating prefix script '/home/robousr/ROS2Dev/robot_2025_ws/src/install/local_setup.bash'
[0.970s] INFO:colcon.colcon_core.shell:Creating prefix chain script '/home/robousr/ROS2Dev/robot_2025_ws/src/install/setup.bash'
[0.975s] INFO:colcon.colcon_core.shell:Creating prefix script '/home/robousr/ROS2Dev/robot_2025_ws/src/install/local_setup.zsh'
[0.976s] INFO:colcon.colcon_core.shell:Creating prefix chain script '/home/robousr/ROS2Dev/robot_2025_ws/src/install/setup.zsh'
