[0.028s] Invoking command in '/home/robousr/ROS2Dev/robot_2025_ws/src/build/practica1_description': /usr/bin/cmake --build /home/robousr/ROS2Dev/robot_2025_ws/src/build/practica1_description -- -j2 -l2
[0.062s] -- Found ament_cmake: 1.3.10 (/opt/ros/humble/share/ament_cmake/cmake)
[0.620s] -- Found ament_lint_auto: 0.12.11 (/opt/ros/humble/share/ament_lint_auto/cmake)
[0.621s] [0mCMake Error: File /home/robousr/ROS2Dev/robot_2025_ws/src/practica1_description/package.xml does not exist.[0m
[0.622s] [31mCMake Error at /opt/ros/humble/share/ament_cmake_core/cmake/core/stamp.cmake:24 (configure_file):
[0.622s]   configure_file Problem configuring file
[0.622s] Call Stack (most recent call first):
[0.622s]   /opt/ros/humble/share/ament_cmake_core/cmake/core/ament_package_xml.cmake:73 (stamp)
[0.622s]   /opt/ros/humble/share/ament_cmake_core/cmake/core/ament_package_xml.cmake:49 (_ament_package_xml)
[0.622s]   /opt/ros/humble/share/ament_lint_auto/cmake/ament_lint_auto_find_test_dependencies.cmake:31 (ament_package_xml)
[0.622s]   CMakeLists.txt:31 (ament_lint_auto_find_test_dependencies)
[0.622s] 
[0.622s] [0m
[0.622s] [0mCMake Error: File /home/robousr/ROS2Dev/robot_2025_ws/src/practica1_description/package.xml does not exist.[0m
[0.622s] [31mCMake Error at /opt/ros/humble/share/ament_cmake_core/cmake/core/stamp.cmake:24 (configure_file):
[0.622s]   configure_file Problem configuring file
[0.622s] Call Stack (most recent call first):
[0.622s]   /opt/ros/humble/share/ament_cmake_core/cmake/core/ament_package_xml.cmake:73 (stamp)
[0.623s]   /opt/ros/humble/share/ament_cmake_core/cmake/core/ament_package_xml.cmake:49 (_ament_package_xml)
[0.623s]   /opt/ros/humble/share/ament_cmake_core/cmake/core/ament_package.cmake:63 (ament_package_xml)
[0.623s]   CMakeLists.txt:35 (ament_package)
[0.623s] 
[0.623s] [0m
[0.627s] -- Configuring incomplete, errors occurred!
[0.627s] See also "/home/robousr/ROS2Dev/robot_2025_ws/src/build/practica1_description/CMakeFiles/CMakeOutput.log".
[0.631s] gmake: *** [Makefile:226: cmake_check_build_system] Error 1
[0.634s] Invoked command in '/home/robousr/ROS2Dev/robot_2025_ws/src/build/practica1_description' returned '2': /usr/bin/cmake --build /home/robousr/ROS2Dev/robot_2025_ws/src/build/practica1_description -- -j2 -l2
