[0.307s] DEBUG:colcon:Command line arguments: ['/usr/bin/colcon', 'build']
[0.307s] DEBUG:colcon:Parsed command line arguments: Namespace(log_base=None, log_level=None, verb_name='build', build_base='build', install_base='install', merge_install=False, symlink_install=False, test_result_base=None, continue_on_error=False, executor='parallel', parallel_workers=2, event_handlers=None, ignore_user_meta=False, metas=['./colcon.meta'], base_paths=['.'], packages_ignore=None, packages_ignore_regex=None, paths=None, packages_up_to=None, packages_up_to_regex=None, packages_above=None, packages_above_and_dependencies=None, packages_above_depth=None, packages_select_by_dep=None, packages_skip_by_dep=None, packages_skip_up_to=None, packages_select_build_failed=False, packages_skip_build_finished=False, packages_select_test_failures=False, packages_skip_test_passed=False, packages_select=None, packages_skip=None, packages_select_regex=None, packages_skip_regex=None, packages_start=None, packages_end=None, allow_overriding=[], cmake_args=None, cmake_target=None, cmake_target_skip_unavailable=False, cmake_clean_cache=False, cmake_clean_first=False, cmake_force_configure=False, ament_cmake_args=None, catkin_cmake_args=None, catkin_skip_building_tests=False, mixin_files=None, mixin=None, verb_parser=<colcon_mixin.mixin.mixin_argument.MixinArgumentDecorator object at 0x743195f435b0>, verb_extension=<colcon_core.verb.build.BuildVerb object at 0x743195f43070>, main=<bound method BuildVerb.main of <colcon_core.verb.build.BuildVerb object at 0x743195f43070>>, mixin_verb=('build',))
[0.921s] Level 1:colcon.colcon_core.package_discovery:discover_packages(colcon_meta) check parameters
[0.921s] Level 1:colcon.colcon_core.package_discovery:discover_packages(recursive) check parameters
[0.921s] Level 1:colcon.colcon_core.package_discovery:discover_packages(ignore) check parameters
[0.921s] Level 1:colcon.colcon_core.package_discovery:discover_packages(path) check parameters
[0.921s] Level 1:colcon.colcon_core.package_discovery:discover_packages(colcon_meta) discover
[0.921s] Level 1:colcon.colcon_core.package_discovery:discover_packages(recursive) discover
[0.921s] INFO:colcon.colcon_core.package_discovery:Crawling recursively for packages in '/home/robousr/ROS2Dev/robot_2025_ws/src'
[0.921s] Level 1:colcon.colcon_core.package_identification:_identify(.) by extensions ['ignore', 'ignore_ament_install']
[0.922s] Level 1:colcon.colcon_core.package_identification:_identify(.) by extension 'ignore'
[0.922s] Level 1:colcon.colcon_core.package_identification:_identify(.) by extension 'ignore_ament_install'
[0.922s] Level 1:colcon.colcon_core.package_identification:_identify(.) by extensions ['colcon_pkg']
[0.922s] Level 1:colcon.colcon_core.package_identification:_identify(.) by extension 'colcon_pkg'
[0.922s] Level 1:colcon.colcon_core.package_identification:_identify(.) by extensions ['colcon_meta']
[0.922s] Level 1:colcon.colcon_core.package_identification:_identify(.) by extension 'colcon_meta'
[0.922s] Level 1:colcon.colcon_core.package_identification:_identify(.) by extensions ['ros']
[0.922s] Level 1:colcon.colcon_core.package_identification:_identify(.) by extension 'ros'
[1.034s] Level 1:colcon.colcon_core.package_identification:_identify(.) by extensions ['cmake', 'python']
[1.034s] Level 1:colcon.colcon_core.package_identification:_identify(.) by extension 'cmake'
[1.034s] Level 1:colcon.colcon_core.package_identification:_identify(.) by extension 'python'
[1.034s] Level 1:colcon.colcon_core.package_identification:_identify(.) by extensions ['python_setup_py']
[1.034s] Level 1:colcon.colcon_core.package_identification:_identify(.) by extension 'python_setup_py'
[1.035s] Level 1:colcon.colcon_core.package_identification:_identify(blink_description) by extensions ['ignore', 'ignore_ament_install']
[1.035s] Level 1:colcon.colcon_core.package_identification:_identify(blink_description) by extension 'ignore'
[1.036s] Level 1:colcon.colcon_core.package_identification:_identify(blink_description) by extension 'ignore_ament_install'
[1.036s] Level 1:colcon.colcon_core.package_identification:_identify(blink_description) by extensions ['colcon_pkg']
[1.036s] Level 1:colcon.colcon_core.package_identification:_identify(blink_description) by extension 'colcon_pkg'
[1.036s] Level 1:colcon.colcon_core.package_identification:_identify(blink_description) by extensions ['colcon_meta']
[1.036s] Level 1:colcon.colcon_core.package_identification:_identify(blink_description) by extension 'colcon_meta'
[1.036s] Level 1:colcon.colcon_core.package_identification:_identify(blink_description) by extensions ['ros']
[1.036s] Level 1:colcon.colcon_core.package_identification:_identify(blink_description) by extension 'ros'
[1.041s] DEBUG:colcon.colcon_core.package_identification:Package 'blink_description' with type 'ros.ament_cmake' and name 'blink_description'
[1.041s] Level 1:colcon.colcon_core.package_identification:_identify(build) by extensions ['ignore', 'ignore_ament_install']
[1.041s] Level 1:colcon.colcon_core.package_identification:_identify(build) by extension 'ignore'
[1.041s] Level 1:colcon.colcon_core.package_identification:_identify(build) ignored
[1.041s] Level 1:colcon.colcon_core.package_identification:_identify(install) by extensions ['ignore', 'ignore_ament_install']
[1.041s] Level 1:colcon.colcon_core.package_identification:_identify(install) by extension 'ignore'
[1.041s] Level 1:colcon.colcon_core.package_identification:_identify(install) ignored
[1.041s] Level 1:colcon.colcon_core.package_identification:_identify(log) by extensions ['ignore', 'ignore_ament_install']
[1.041s] Level 1:colcon.colcon_core.package_identification:_identify(log) by extension 'ignore'
[1.042s] Level 1:colcon.colcon_core.package_identification:_identify(log) ignored
[1.042s] Level 1:colcon.colcon_core.package_identification:_identify(notebooks) by extensions ['ignore', 'ignore_ament_install']
[1.042s] Level 1:colcon.colcon_core.package_identification:_identify(notebooks) by extension 'ignore'
[1.042s] Level 1:colcon.colcon_core.package_identification:_identify(notebooks) by extension 'ignore_ament_install'
[1.042s] Level 1:colcon.colcon_core.package_identification:_identify(notebooks) by extensions ['colcon_pkg']
[1.042s] Level 1:colcon.colcon_core.package_identification:_identify(notebooks) by extension 'colcon_pkg'
[1.042s] Level 1:colcon.colcon_core.package_identification:_identify(notebooks) by extensions ['colcon_meta']
[1.042s] Level 1:colcon.colcon_core.package_identification:_identify(notebooks) by extension 'colcon_meta'
[1.042s] Level 1:colcon.colcon_core.package_identification:_identify(notebooks) by extensions ['ros']
[1.042s] Level 1:colcon.colcon_core.package_identification:_identify(notebooks) by extension 'ros'
[1.042s] Level 1:colcon.colcon_core.package_identification:_identify(notebooks) by extensions ['cmake', 'python']
[1.042s] Level 1:colcon.colcon_core.package_identification:_identify(notebooks) by extension 'cmake'
[1.042s] Level 1:colcon.colcon_core.package_identification:_identify(notebooks) by extension 'python'
[1.042s] Level 1:colcon.colcon_core.package_identification:_identify(notebooks) by extensions ['python_setup_py']
[1.042s] Level 1:colcon.colcon_core.package_identification:_identify(notebooks) by extension 'python_setup_py'
[1.042s] Level 1:colcon.colcon_core.package_identification:_identify(notebooks/Practica_1) by extensions ['ignore', 'ignore_ament_install']
[1.042s] Level 1:colcon.colcon_core.package_identification:_identify(notebooks/Practica_1) by extension 'ignore'
[1.042s] Level 1:colcon.colcon_core.package_identification:_identify(notebooks/Practica_1) by extension 'ignore_ament_install'
[1.042s] Level 1:colcon.colcon_core.package_identification:_identify(notebooks/Practica_1) by extensions ['colcon_pkg']
[1.042s] Level 1:colcon.colcon_core.package_identification:_identify(notebooks/Practica_1) by extension 'colcon_pkg'
[1.043s] Level 1:colcon.colcon_core.package_identification:_identify(notebooks/Practica_1) by extensions ['colcon_meta']
[1.043s] Level 1:colcon.colcon_core.package_identification:_identify(notebooks/Practica_1) by extension 'colcon_meta'
[1.043s] Level 1:colcon.colcon_core.package_identification:_identify(notebooks/Practica_1) by extensions ['ros']
[1.043s] Level 1:colcon.colcon_core.package_identification:_identify(notebooks/Practica_1) by extension 'ros'
[1.043s] Level 1:colcon.colcon_core.package_identification:_identify(notebooks/Practica_1) by extensions ['cmake', 'python']
[1.043s] Level 1:colcon.colcon_core.package_identification:_identify(notebooks/Practica_1) by extension 'cmake'
[1.043s] Level 1:colcon.colcon_core.package_identification:_identify(notebooks/Practica_1) by extension 'python'
[1.043s] Level 1:colcon.colcon_core.package_identification:_identify(notebooks/Practica_1) by extensions ['python_setup_py']
[1.043s] Level 1:colcon.colcon_core.package_identification:_identify(notebooks/Practica_1) by extension 'python_setup_py'
[1.043s] Level 1:colcon.colcon_core.package_identification:_identify(notebooks/Practica_1/images) by extensions ['ignore', 'ignore_ament_install']
[1.043s] Level 1:colcon.colcon_core.package_identification:_identify(notebooks/Practica_1/images) by extension 'ignore'
[1.043s] Level 1:colcon.colcon_core.package_identification:_identify(notebooks/Practica_1/images) by extension 'ignore_ament_install'
[1.043s] Level 1:colcon.colcon_core.package_identification:_identify(notebooks/Practica_1/images) by extensions ['colcon_pkg']
[1.043s] Level 1:colcon.colcon_core.package_identification:_identify(notebooks/Practica_1/images) by extension 'colcon_pkg'
[1.043s] Level 1:colcon.colcon_core.package_identification:_identify(notebooks/Practica_1/images) by extensions ['colcon_meta']
[1.043s] Level 1:colcon.colcon_core.package_identification:_identify(notebooks/Practica_1/images) by extension 'colcon_meta'
[1.044s] Level 1:colcon.colcon_core.package_identification:_identify(notebooks/Practica_1/images) by extensions ['ros']
[1.044s] Level 1:colcon.colcon_core.package_identification:_identify(notebooks/Practica_1/images) by extension 'ros'
[1.044s] Level 1:colcon.colcon_core.package_identification:_identify(notebooks/Practica_1/images) by extensions ['cmake', 'python']
[1.044s] Level 1:colcon.colcon_core.package_identification:_identify(notebooks/Practica_1/images) by extension 'cmake'
[1.044s] Level 1:colcon.colcon_core.package_identification:_identify(notebooks/Practica_1/images) by extension 'python'
[1.044s] Level 1:colcon.colcon_core.package_identification:_identify(notebooks/Practica_1/images) by extensions ['python_setup_py']
[1.044s] Level 1:colcon.colcon_core.package_identification:_identify(notebooks/Practica_1/images) by extension 'python_setup_py'
[1.044s] Level 1:colcon.colcon_core.package_identification:_identify(notebooks/mrg-plantilla-repositorio-main) by extensions ['ignore', 'ignore_ament_install']
[1.044s] Level 1:colcon.colcon_core.package_identification:_identify(notebooks/mrg-plantilla-repositorio-main) by extension 'ignore'
[1.044s] Level 1:colcon.colcon_core.package_identification:_identify(notebooks/mrg-plantilla-repositorio-main) by extension 'ignore_ament_install'
[1.044s] Level 1:colcon.colcon_core.package_identification:_identify(notebooks/mrg-plantilla-repositorio-main) by extensions ['colcon_pkg']
[1.044s] Level 1:colcon.colcon_core.package_identification:_identify(notebooks/mrg-plantilla-repositorio-main) by extension 'colcon_pkg'
[1.044s] Level 1:colcon.colcon_core.package_identification:_identify(notebooks/mrg-plantilla-repositorio-main) by extensions ['colcon_meta']
[1.044s] Level 1:colcon.colcon_core.package_identification:_identify(notebooks/mrg-plantilla-repositorio-main) by extension 'colcon_meta'
[1.044s] Level 1:colcon.colcon_core.package_identification:_identify(notebooks/mrg-plantilla-repositorio-main) by extensions ['ros']
[1.044s] Level 1:colcon.colcon_core.package_identification:_identify(notebooks/mrg-plantilla-repositorio-main) by extension 'ros'
[1.044s] Level 1:colcon.colcon_core.package_identification:_identify(notebooks/mrg-plantilla-repositorio-main) by extensions ['cmake', 'python']
[1.044s] Level 1:colcon.colcon_core.package_identification:_identify(notebooks/mrg-plantilla-repositorio-main) by extension 'cmake'
[1.045s] Level 1:colcon.colcon_core.package_identification:_identify(notebooks/mrg-plantilla-repositorio-main) by extension 'python'
[1.045s] Level 1:colcon.colcon_core.package_identification:_identify(notebooks/mrg-plantilla-repositorio-main) by extensions ['python_setup_py']
[1.045s] Level 1:colcon.colcon_core.package_identification:_identify(notebooks/mrg-plantilla-repositorio-main) by extension 'python_setup_py'
[1.047s] Level 1:colcon.colcon_core.package_identification:_identify(notebooks/mrg-plantilla-repositorio-main/docs) by extensions ['ignore', 'ignore_ament_install']
[1.047s] Level 1:colcon.colcon_core.package_identification:_identify(notebooks/mrg-plantilla-repositorio-main/docs) by extension 'ignore'
[1.047s] Level 1:colcon.colcon_core.package_identification:_identify(notebooks/mrg-plantilla-repositorio-main/docs) by extension 'ignore_ament_install'
[1.047s] Level 1:colcon.colcon_core.package_identification:_identify(notebooks/mrg-plantilla-repositorio-main/docs) by extensions ['colcon_pkg']
[1.047s] Level 1:colcon.colcon_core.package_identification:_identify(notebooks/mrg-plantilla-repositorio-main/docs) by extension 'colcon_pkg'
[1.047s] Level 1:colcon.colcon_core.package_identification:_identify(notebooks/mrg-plantilla-repositorio-main/docs) by extensions ['colcon_meta']
[1.047s] Level 1:colcon.colcon_core.package_identification:_identify(notebooks/mrg-plantilla-repositorio-main/docs) by extension 'colcon_meta'
[1.047s] Level 1:colcon.colcon_core.package_identification:_identify(notebooks/mrg-plantilla-repositorio-main/docs) by extensions ['ros']
[1.047s] Level 1:colcon.colcon_core.package_identification:_identify(notebooks/mrg-plantilla-repositorio-main/docs) by extension 'ros'
[1.047s] Level 1:colcon.colcon_core.package_identification:_identify(notebooks/mrg-plantilla-repositorio-main/docs) by extensions ['cmake', 'python']
[1.048s] Level 1:colcon.colcon_core.package_identification:_identify(notebooks/mrg-plantilla-repositorio-main/docs) by extension 'cmake'
[1.048s] Level 1:colcon.colcon_core.package_identification:_identify(notebooks/mrg-plantilla-repositorio-main/docs) by extension 'python'
[1.048s] Level 1:colcon.colcon_core.package_identification:_identify(notebooks/mrg-plantilla-repositorio-main/docs) by extensions ['python_setup_py']
[1.048s] Level 1:colcon.colcon_core.package_identification:_identify(notebooks/mrg-plantilla-repositorio-main/docs) by extension 'python_setup_py'
[1.049s] Level 1:colcon.colcon_core.package_identification:_identify(notebooks/mrg-plantilla-repositorio-main/images) by extensions ['ignore', 'ignore_ament_install']
[1.049s] Level 1:colcon.colcon_core.package_identification:_identify(notebooks/mrg-plantilla-repositorio-main/images) by extension 'ignore'
[1.050s] Level 1:colcon.colcon_core.package_identification:_identify(notebooks/mrg-plantilla-repositorio-main/images) by extension 'ignore_ament_install'
[1.050s] Level 1:colcon.colcon_core.package_identification:_identify(notebooks/mrg-plantilla-repositorio-main/images) by extensions ['colcon_pkg']
[1.050s] Level 1:colcon.colcon_core.package_identification:_identify(notebooks/mrg-plantilla-repositorio-main/images) by extension 'colcon_pkg'
[1.050s] Level 1:colcon.colcon_core.package_identification:_identify(notebooks/mrg-plantilla-repositorio-main/images) by extensions ['colcon_meta']
[1.050s] Level 1:colcon.colcon_core.package_identification:_identify(notebooks/mrg-plantilla-repositorio-main/images) by extension 'colcon_meta'
[1.050s] Level 1:colcon.colcon_core.package_identification:_identify(notebooks/mrg-plantilla-repositorio-main/images) by extensions ['ros']
[1.050s] Level 1:colcon.colcon_core.package_identification:_identify(notebooks/mrg-plantilla-repositorio-main/images) by extension 'ros'
[1.050s] Level 1:colcon.colcon_core.package_identification:_identify(notebooks/mrg-plantilla-repositorio-main/images) by extensions ['cmake', 'python']
[1.050s] Level 1:colcon.colcon_core.package_identification:_identify(notebooks/mrg-plantilla-repositorio-main/images) by extension 'cmake'
[1.050s] Level 1:colcon.colcon_core.package_identification:_identify(notebooks/mrg-plantilla-repositorio-main/images) by extension 'python'
[1.050s] Level 1:colcon.colcon_core.package_identification:_identify(notebooks/mrg-plantilla-repositorio-main/images) by extensions ['python_setup_py']
[1.050s] Level 1:colcon.colcon_core.package_identification:_identify(notebooks/mrg-plantilla-repositorio-main/images) by extension 'python_setup_py'
[1.050s] Level 1:colcon.colcon_core.package_identification:_identify(practica1_description) by extensions ['ignore', 'ignore_ament_install']
[1.051s] Level 1:colcon.colcon_core.package_identification:_identify(practica1_description) by extension 'ignore'
[1.051s] Level 1:colcon.colcon_core.package_identification:_identify(practica1_description) by extension 'ignore_ament_install'
[1.051s] Level 1:colcon.colcon_core.package_identification:_identify(practica1_description) by extensions ['colcon_pkg']
[1.051s] Level 1:colcon.colcon_core.package_identification:_identify(practica1_description) by extension 'colcon_pkg'
[1.051s] Level 1:colcon.colcon_core.package_identification:_identify(practica1_description) by extensions ['colcon_meta']
[1.051s] Level 1:colcon.colcon_core.package_identification:_identify(practica1_description) by extension 'colcon_meta'
[1.051s] Level 1:colcon.colcon_core.package_identification:_identify(practica1_description) by extensions ['ros']
[1.051s] Level 1:colcon.colcon_core.package_identification:_identify(practica1_description) by extension 'ros'
[1.053s] DEBUG:colcon.colcon_core.package_identification:Package 'practica1_description' with type 'ros.ament_cmake' and name 'practica1_description'
[1.053s] Level 1:colcon.colcon_core.package_discovery:discover_packages(recursive) using defaults
[1.053s] Level 1:colcon.colcon_core.package_discovery:discover_packages(ignore) discover
[1.053s] Level 1:colcon.colcon_core.package_discovery:discover_packages(ignore) using defaults
[1.053s] Level 1:colcon.colcon_core.package_discovery:discover_packages(path) discover
[1.053s] Level 1:colcon.colcon_core.package_discovery:discover_packages(path) using defaults
[1.156s] Level 1:colcon.colcon_core.package_discovery:discover_packages(prefix_path) check parameters
[1.156s] Level 1:colcon.colcon_core.package_discovery:discover_packages(prefix_path) discover
[1.168s] DEBUG:colcon.colcon_installed_package_information.package_discovery:Found 280 installed packages in /opt/ros/humble
[1.174s] Level 1:colcon.colcon_core.package_discovery:discover_packages(prefix_path) using defaults
[1.332s] Level 5:colcon.colcon_core.verb:set package 'blink_description' build argument 'cmake_args' from command line to 'None'
[1.333s] Level 5:colcon.colcon_core.verb:set package 'blink_description' build argument 'cmake_target' from command line to 'None'
[1.333s] Level 5:colcon.colcon_core.verb:set package 'blink_description' build argument 'cmake_target_skip_unavailable' from command line to 'False'
[1.333s] Level 5:colcon.colcon_core.verb:set package 'blink_description' build argument 'cmake_clean_cache' from command line to 'False'
[1.333s] Level 5:colcon.colcon_core.verb:set package 'blink_description' build argument 'cmake_clean_first' from command line to 'False'
[1.333s] Level 5:colcon.colcon_core.verb:set package 'blink_description' build argument 'cmake_force_configure' from command line to 'False'
[1.333s] Level 5:colcon.colcon_core.verb:set package 'blink_description' build argument 'ament_cmake_args' from command line to 'None'
[1.333s] Level 5:colcon.colcon_core.verb:set package 'blink_description' build argument 'catkin_cmake_args' from command line to 'None'
[1.333s] Level 5:colcon.colcon_core.verb:set package 'blink_description' build argument 'catkin_skip_building_tests' from command line to 'False'
[1.333s] DEBUG:colcon.colcon_core.verb:Building package 'blink_description' with the following arguments: {'ament_cmake_args': None, 'build_base': '/home/robousr/ROS2Dev/robot_2025_ws/src/build/blink_description', 'catkin_cmake_args': None, 'catkin_skip_building_tests': False, 'cmake_args': None, 'cmake_clean_cache': False, 'cmake_clean_first': False, 'cmake_force_configure': False, 'cmake_target': None, 'cmake_target_skip_unavailable': False, 'install_base': '/home/robousr/ROS2Dev/robot_2025_ws/src/install/blink_description', 'merge_install': False, 'path': '/home/robousr/ROS2Dev/robot_2025_ws/src/blink_description', 'symlink_install': False, 'test_result_base': None}
[1.333s] Level 5:colcon.colcon_core.verb:set package 'practica1_description' build argument 'cmake_args' from command line to 'None'
[1.333s] Level 5:colcon.colcon_core.verb:set package 'practica1_description' build argument 'cmake_target' from command line to 'None'
[1.333s] Level 5:colcon.colcon_core.verb:set package 'practica1_description' build argument 'cmake_target_skip_unavailable' from command line to 'False'
[1.333s] Level 5:colcon.colcon_core.verb:set package 'practica1_description' build argument 'cmake_clean_cache' from command line to 'False'
[1.333s] Level 5:colcon.colcon_core.verb:set package 'practica1_description' build argument 'cmake_clean_first' from command line to 'False'
[1.333s] Level 5:colcon.colcon_core.verb:set package 'practica1_description' build argument 'cmake_force_configure' from command line to 'False'
[1.333s] Level 5:colcon.colcon_core.verb:set package 'practica1_description' build argument 'ament_cmake_args' from command line to 'None'
[1.333s] Level 5:colcon.colcon_core.verb:set package 'practica1_description' build argument 'catkin_cmake_args' from command line to 'None'
[1.333s] Level 5:colcon.colcon_core.verb:set package 'practica1_description' build argument 'catkin_skip_building_tests' from command line to 'False'
[1.333s] DEBUG:colcon.colcon_core.verb:Building package 'practica1_description' with the following arguments: {'ament_cmake_args': None, 'build_base': '/home/robousr/ROS2Dev/robot_2025_ws/src/build/practica1_description', 'catkin_cmake_args': None, 'catkin_skip_building_tests': False, 'cmake_args': None, 'cmake_clean_cache': False, 'cmake_clean_first': False, 'cmake_force_configure': False, 'cmake_target': None, 'cmake_target_skip_unavailable': False, 'install_base': '/home/robousr/ROS2Dev/robot_2025_ws/src/install/practica1_description', 'merge_install': False, 'path': '/home/robousr/ROS2Dev/robot_2025_ws/src/practica1_description', 'symlink_install': False, 'test_result_base': None}
[1.334s] INFO:colcon.colcon_core.executor:Executing jobs using 'parallel' executor
[1.335s] DEBUG:colcon.colcon_parallel_executor.executor.parallel:run_until_complete
[1.335s] INFO:colcon.colcon_ros.task.ament_cmake.build:Building ROS package in '/home/robousr/ROS2Dev/robot_2025_ws/src/blink_description' with build type 'ament_cmake'
[1.335s] INFO:colcon.colcon_cmake.task.cmake.build:Building CMake package in '/home/robousr/ROS2Dev/robot_2025_ws/src/blink_description'
[1.348s] INFO:colcon.colcon_core.plugin_system:Skipping extension 'colcon_core.shell.bat': Not used on non-Windows systems
[1.348s] INFO:colcon.colcon_core.shell:Skip shell extension 'powershell' for command environment: Not usable outside of PowerShell
[1.348s] DEBUG:colcon.colcon_core.shell:Skip shell extension 'dsv' for command environment
[1.355s] INFO:colcon.colcon_ros.task.ament_cmake.build:Building ROS package in '/home/robousr/ROS2Dev/robot_2025_ws/src/practica1_description' with build type 'ament_cmake'
[1.356s] INFO:colcon.colcon_cmake.task.cmake.build:Building CMake package in '/home/robousr/ROS2Dev/robot_2025_ws/src/practica1_description'
[1.356s] INFO:colcon.colcon_core.shell:Skip shell extension 'powershell' for command environment: Not usable outside of PowerShell
[1.356s] DEBUG:colcon.colcon_core.shell:Skip shell extension 'dsv' for command environment
[1.403s] DEBUG:colcon.colcon_core.event_handler.log_command:Invoking command in '/home/robousr/ROS2Dev/robot_2025_ws/src/build/practica1_description': CMAKE_PREFIX_PATH=/opt/ros/humble /usr/bin/cmake /home/robousr/ROS2Dev/robot_2025_ws/src/practica1_description -DCMAKE_INSTALL_PREFIX=/home/robousr/ROS2Dev/robot_2025_ws/src/install/practica1_description
[1.427s] DEBUG:colcon.colcon_core.event_handler.log_command:Invoking command in '/home/robousr/ROS2Dev/robot_2025_ws/src/build/blink_description': CMAKE_PREFIX_PATH=/opt/ros/humble /usr/bin/cmake /home/robousr/ROS2Dev/robot_2025_ws/src/blink_description -DCMAKE_INSTALL_PREFIX=/home/robousr/ROS2Dev/robot_2025_ws/src/install/blink_description
[7.442s] DEBUG:colcon.colcon_core.event_handler.log_command:Invoked command in '/home/robousr/ROS2Dev/robot_2025_ws/src/build/practica1_description' returned '0': CMAKE_PREFIX_PATH=/opt/ros/humble /usr/bin/cmake /home/robousr/ROS2Dev/robot_2025_ws/src/practica1_description -DCMAKE_INSTALL_PREFIX=/home/robousr/ROS2Dev/robot_2025_ws/src/install/practica1_description
[7.457s] DEBUG:colcon.colcon_core.event_handler.log_command:Invoking command in '/home/robousr/ROS2Dev/robot_2025_ws/src/build/practica1_description': CMAKE_PREFIX_PATH=/opt/ros/humble /usr/bin/cmake --build /home/robousr/ROS2Dev/robot_2025_ws/src/build/practica1_description -- -j2 -l2
[7.632s] DEBUG:colcon.colcon_core.event_handler.log_command:Invoked command in '/home/robousr/ROS2Dev/robot_2025_ws/src/build/blink_description' returned '0': CMAKE_PREFIX_PATH=/opt/ros/humble /usr/bin/cmake /home/robousr/ROS2Dev/robot_2025_ws/src/blink_description -DCMAKE_INSTALL_PREFIX=/home/robousr/ROS2Dev/robot_2025_ws/src/install/blink_description
[7.633s] DEBUG:colcon.colcon_core.event_handler.log_command:Invoking command in '/home/robousr/ROS2Dev/robot_2025_ws/src/build/blink_description': CMAKE_PREFIX_PATH=/opt/ros/humble /usr/bin/cmake --build /home/robousr/ROS2Dev/robot_2025_ws/src/build/blink_description -- -j2 -l2
[7.643s] DEBUG:colcon.colcon_core.event_handler.log_command:Invoked command in '/home/robousr/ROS2Dev/robot_2025_ws/src/build/practica1_description' returned '0': CMAKE_PREFIX_PATH=/opt/ros/humble /usr/bin/cmake --build /home/robousr/ROS2Dev/robot_2025_ws/src/build/practica1_description -- -j2 -l2
[7.730s] DEBUG:colcon.colcon_core.event_handler.log_command:Invoking command in '/home/robousr/ROS2Dev/robot_2025_ws/src/build/practica1_description': CMAKE_PREFIX_PATH=/opt/ros/humble /usr/bin/cmake --install /home/robousr/ROS2Dev/robot_2025_ws/src/build/practica1_description
[7.740s] DEBUG:colcon.colcon_core.event_handler.log_command:Invoked command in '/home/robousr/ROS2Dev/robot_2025_ws/src/build/blink_description' returned '0': CMAKE_PREFIX_PATH=/opt/ros/humble /usr/bin/cmake --build /home/robousr/ROS2Dev/robot_2025_ws/src/build/blink_description -- -j2 -l2
[7.791s] Level 1:colcon.colcon_core.environment:create_environment_scripts_only(practica1_description)
[7.798s] DEBUG:colcon.colcon_core.event_handler.log_command:Invoked command in '/home/robousr/ROS2Dev/robot_2025_ws/src/build/practica1_description' returned '0': CMAKE_PREFIX_PATH=/opt/ros/humble /usr/bin/cmake --install /home/robousr/ROS2Dev/robot_2025_ws/src/build/practica1_description
[7.827s] Level 1:colcon.colcon_core.environment:checking '/home/robousr/ROS2Dev/robot_2025_ws/src/install/practica1_description' for CMake module files
[7.833s] Level 1:colcon.colcon_core.environment:checking '/home/robousr/ROS2Dev/robot_2025_ws/src/install/practica1_description' for CMake config files
[7.834s] Level 1:colcon.colcon_core.shell:create_environment_hook('practica1_description', 'cmake_prefix_path')
[7.838s] INFO:colcon.colcon_core.shell:Creating environment hook '/home/robousr/ROS2Dev/robot_2025_ws/src/install/practica1_description/share/practica1_description/hook/cmake_prefix_path.ps1'
[7.845s] INFO:colcon.colcon_core.shell:Creating environment descriptor '/home/robousr/ROS2Dev/robot_2025_ws/src/install/practica1_description/share/practica1_description/hook/cmake_prefix_path.dsv'
[7.853s] INFO:colcon.colcon_core.shell:Creating environment hook '/home/robousr/ROS2Dev/robot_2025_ws/src/install/practica1_description/share/practica1_description/hook/cmake_prefix_path.sh'
[7.860s] Level 1:colcon.colcon_core.environment:checking '/home/robousr/ROS2Dev/robot_2025_ws/src/install/practica1_description/bin'
[7.861s] Level 1:colcon.colcon_core.environment:checking '/home/robousr/ROS2Dev/robot_2025_ws/src/install/practica1_description/lib/pkgconfig/practica1_description.pc'
[7.862s] Level 1:colcon.colcon_core.environment:checking '/home/robousr/ROS2Dev/robot_2025_ws/src/install/practica1_description/lib/python3.10/site-packages'
[7.864s] Level 1:colcon.colcon_core.environment:checking '/home/robousr/ROS2Dev/robot_2025_ws/src/install/practica1_description/bin'
[7.867s] INFO:colcon.colcon_core.shell:Creating package script '/home/robousr/ROS2Dev/robot_2025_ws/src/install/practica1_description/share/practica1_description/package.ps1'
[7.870s] INFO:colcon.colcon_core.shell:Creating package descriptor '/home/robousr/ROS2Dev/robot_2025_ws/src/install/practica1_description/share/practica1_description/package.dsv'
[7.876s] INFO:colcon.colcon_core.shell:Creating package script '/home/robousr/ROS2Dev/robot_2025_ws/src/install/practica1_description/share/practica1_description/package.sh'
[7.880s] INFO:colcon.colcon_core.shell:Creating package script '/home/robousr/ROS2Dev/robot_2025_ws/src/install/practica1_description/share/practica1_description/package.bash'
[7.882s] INFO:colcon.colcon_core.shell:Creating package script '/home/robousr/ROS2Dev/robot_2025_ws/src/install/practica1_description/share/practica1_description/package.zsh'
[7.884s] Level 1:colcon.colcon_core.environment:create_file_with_runtime_dependencies(/home/robousr/ROS2Dev/robot_2025_ws/src/install/practica1_description/share/colcon-core/packages/practica1_description)
[7.900s] DEBUG:colcon.colcon_core.event_handler.log_command:Invoking command in '/home/robousr/ROS2Dev/robot_2025_ws/src/build/blink_description': CMAKE_PREFIX_PATH=/opt/ros/humble /usr/bin/cmake --install /home/robousr/ROS2Dev/robot_2025_ws/src/build/blink_description
[8.036s] Level 1:colcon.colcon_core.environment:create_environment_scripts_only(blink_description)
[8.040s] Level 1:colcon.colcon_core.environment:checking '/home/robousr/ROS2Dev/robot_2025_ws/src/install/blink_description' for CMake module files
[8.041s] DEBUG:colcon.colcon_core.event_handler.log_command:Invoked command in '/home/robousr/ROS2Dev/robot_2025_ws/src/build/blink_description' returned '0': CMAKE_PREFIX_PATH=/opt/ros/humble /usr/bin/cmake --install /home/robousr/ROS2Dev/robot_2025_ws/src/build/blink_description
[8.044s] Level 1:colcon.colcon_core.environment:checking '/home/robousr/ROS2Dev/robot_2025_ws/src/install/blink_description' for CMake config files
[8.045s] Level 1:colcon.colcon_core.shell:create_environment_hook('blink_description', 'cmake_prefix_path')
[8.047s] INFO:colcon.colcon_core.shell:Creating environment hook '/home/robousr/ROS2Dev/robot_2025_ws/src/install/blink_description/share/blink_description/hook/cmake_prefix_path.ps1'
[8.050s] INFO:colcon.colcon_core.shell:Creating environment descriptor '/home/robousr/ROS2Dev/robot_2025_ws/src/install/blink_description/share/blink_description/hook/cmake_prefix_path.dsv'
[8.051s] INFO:colcon.colcon_core.shell:Creating environment hook '/home/robousr/ROS2Dev/robot_2025_ws/src/install/blink_description/share/blink_description/hook/cmake_prefix_path.sh'
[8.055s] Level 1:colcon.colcon_core.environment:checking '/home/robousr/ROS2Dev/robot_2025_ws/src/install/blink_description/bin'
[8.055s] Level 1:colcon.colcon_core.environment:checking '/home/robousr/ROS2Dev/robot_2025_ws/src/install/blink_description/lib/pkgconfig/blink_description.pc'
[8.056s] Level 1:colcon.colcon_core.environment:checking '/home/robousr/ROS2Dev/robot_2025_ws/src/install/blink_description/lib/python3.10/site-packages'
[8.057s] Level 1:colcon.colcon_core.environment:checking '/home/robousr/ROS2Dev/robot_2025_ws/src/install/blink_description/bin'
[8.058s] INFO:colcon.colcon_core.shell:Creating package script '/home/robousr/ROS2Dev/robot_2025_ws/src/install/blink_description/share/blink_description/package.ps1'
[8.061s] INFO:colcon.colcon_core.shell:Creating package descriptor '/home/robousr/ROS2Dev/robot_2025_ws/src/install/blink_description/share/blink_description/package.dsv'
[8.063s] INFO:colcon.colcon_core.shell:Creating package script '/home/robousr/ROS2Dev/robot_2025_ws/src/install/blink_description/share/blink_description/package.sh'
[8.067s] INFO:colcon.colcon_core.shell:Creating package script '/home/robousr/ROS2Dev/robot_2025_ws/src/install/blink_description/share/blink_description/package.bash'
[8.069s] INFO:colcon.colcon_core.shell:Creating package script '/home/robousr/ROS2Dev/robot_2025_ws/src/install/blink_description/share/blink_description/package.zsh'
[8.071s] Level 1:colcon.colcon_core.environment:create_file_with_runtime_dependencies(/home/robousr/ROS2Dev/robot_2025_ws/src/install/blink_description/share/colcon-core/packages/blink_description)
[8.092s] Level 1:colcon.colcon_core.environment:create_environment_scripts_only(practica1_description)
[8.093s] Level 1:colcon.colcon_core.environment:checking '/home/robousr/ROS2Dev/robot_2025_ws/src/install/practica1_description' for CMake module files
[8.097s] Level 1:colcon.colcon_core.environment:checking '/home/robousr/ROS2Dev/robot_2025_ws/src/install/practica1_description' for CMake config files
[8.097s] Level 1:colcon.colcon_core.shell:create_environment_hook('practica1_description', 'cmake_prefix_path')
[8.098s] INFO:colcon.colcon_core.shell:Creating environment hook '/home/robousr/ROS2Dev/robot_2025_ws/src/install/practica1_description/share/practica1_description/hook/cmake_prefix_path.ps1'
[8.103s] INFO:colcon.colcon_core.shell:Creating environment descriptor '/home/robousr/ROS2Dev/robot_2025_ws/src/install/practica1_description/share/practica1_description/hook/cmake_prefix_path.dsv'
[8.107s] INFO:colcon.colcon_core.shell:Creating environment hook '/home/robousr/ROS2Dev/robot_2025_ws/src/install/practica1_description/share/practica1_description/hook/cmake_prefix_path.sh'
[8.109s] Level 1:colcon.colcon_core.environment:checking '/home/robousr/ROS2Dev/robot_2025_ws/src/install/practica1_description/bin'
[8.112s] Level 1:colcon.colcon_core.environment:checking '/home/robousr/ROS2Dev/robot_2025_ws/src/install/practica1_description/lib/pkgconfig/practica1_description.pc'
[8.113s] Level 1:colcon.colcon_core.environment:checking '/home/robousr/ROS2Dev/robot_2025_ws/src/install/practica1_description/lib/python3.10/site-packages'
[8.113s] Level 1:colcon.colcon_core.environment:checking '/home/robousr/ROS2Dev/robot_2025_ws/src/install/practica1_description/bin'
[8.114s] INFO:colcon.colcon_core.shell:Creating package script '/home/robousr/ROS2Dev/robot_2025_ws/src/install/practica1_description/share/practica1_description/package.ps1'
[8.120s] INFO:colcon.colcon_core.shell:Creating package descriptor '/home/robousr/ROS2Dev/robot_2025_ws/src/install/practica1_description/share/practica1_description/package.dsv'
[8.130s] INFO:colcon.colcon_core.shell:Creating package script '/home/robousr/ROS2Dev/robot_2025_ws/src/install/practica1_description/share/practica1_description/package.sh'
[8.139s] INFO:colcon.colcon_core.shell:Creating package script '/home/robousr/ROS2Dev/robot_2025_ws/src/install/practica1_description/share/practica1_description/package.bash'
[8.142s] INFO:colcon.colcon_core.shell:Creating package script '/home/robousr/ROS2Dev/robot_2025_ws/src/install/practica1_description/share/practica1_description/package.zsh'
[8.144s] Level 1:colcon.colcon_core.environment:create_file_with_runtime_dependencies(/home/robousr/ROS2Dev/robot_2025_ws/src/install/practica1_description/share/colcon-core/packages/practica1_description)
[8.193s] Level 1:colcon.colcon_core.environment:create_environment_scripts_only(blink_description)
[8.193s] Level 1:colcon.colcon_core.environment:checking '/home/robousr/ROS2Dev/robot_2025_ws/src/install/blink_description' for CMake module files
[8.194s] Level 1:colcon.colcon_core.environment:checking '/home/robousr/ROS2Dev/robot_2025_ws/src/install/blink_description' for CMake config files
[8.195s] Level 1:colcon.colcon_core.shell:create_environment_hook('blink_description', 'cmake_prefix_path')
[8.196s] INFO:colcon.colcon_core.shell:Creating environment hook '/home/robousr/ROS2Dev/robot_2025_ws/src/install/blink_description/share/blink_description/hook/cmake_prefix_path.ps1'
[8.197s] INFO:colcon.colcon_core.shell:Creating environment descriptor '/home/robousr/ROS2Dev/robot_2025_ws/src/install/blink_description/share/blink_description/hook/cmake_prefix_path.dsv'
[8.198s] INFO:colcon.colcon_core.shell:Creating environment hook '/home/robousr/ROS2Dev/robot_2025_ws/src/install/blink_description/share/blink_description/hook/cmake_prefix_path.sh'
[8.200s] Level 1:colcon.colcon_core.environment:checking '/home/robousr/ROS2Dev/robot_2025_ws/src/install/blink_description/bin'
[8.200s] Level 1:colcon.colcon_core.environment:checking '/home/robousr/ROS2Dev/robot_2025_ws/src/install/blink_description/lib/pkgconfig/blink_description.pc'
[8.201s] Level 1:colcon.colcon_core.environment:checking '/home/robousr/ROS2Dev/robot_2025_ws/src/install/blink_description/lib/python3.10/site-packages'
[8.202s] Level 1:colcon.colcon_core.environment:checking '/home/robousr/ROS2Dev/robot_2025_ws/src/install/blink_description/bin'
[8.203s] INFO:colcon.colcon_core.shell:Creating package script '/home/robousr/ROS2Dev/robot_2025_ws/src/install/blink_description/share/blink_description/package.ps1'
[8.205s] INFO:colcon.colcon_core.shell:Creating package descriptor '/home/robousr/ROS2Dev/robot_2025_ws/src/install/blink_description/share/blink_description/package.dsv'
[8.207s] INFO:colcon.colcon_core.shell:Creating package script '/home/robousr/ROS2Dev/robot_2025_ws/src/install/blink_description/share/blink_description/package.sh'
[8.208s] INFO:colcon.colcon_core.shell:Creating package script '/home/robousr/ROS2Dev/robot_2025_ws/src/install/blink_description/share/blink_description/package.bash'
[8.210s] INFO:colcon.colcon_core.shell:Creating package script '/home/robousr/ROS2Dev/robot_2025_ws/src/install/blink_description/share/blink_description/package.zsh'
[8.211s] Level 1:colcon.colcon_core.environment:create_file_with_runtime_dependencies(/home/robousr/ROS2Dev/robot_2025_ws/src/install/blink_description/share/colcon-core/packages/blink_description)
[8.212s] DEBUG:colcon.colcon_parallel_executor.executor.parallel:closing loop
[8.213s] DEBUG:colcon.colcon_parallel_executor.executor.parallel:loop closed
[8.214s] DEBUG:colcon.colcon_parallel_executor.executor.parallel:run_until_complete finished with '0'
[8.214s] DEBUG:colcon.colcon_core.event_reactor:joining thread
[8.244s] INFO:colcon.colcon_core.plugin_system:Skipping extension 'colcon_notification.desktop_notification.terminal_notifier': Not used on non-Darwin systems
[8.245s] INFO:colcon.colcon_core.plugin_system:Skipping extension 'colcon_notification.desktop_notification.win32': Not used on non-Windows systems
[8.245s] INFO:colcon.colcon_notification.desktop_notification:Sending desktop notification using 'notify2'
[8.382s] DEBUG:colcon.colcon_core.event_reactor:joined thread
[8.383s] INFO:colcon.colcon_core.shell:Creating prefix script '/home/robousr/ROS2Dev/robot_2025_ws/src/install/local_setup.ps1'
[8.388s] INFO:colcon.colcon_core.shell:Creating prefix util module '/home/robousr/ROS2Dev/robot_2025_ws/src/install/_local_setup_util_ps1.py'
[8.392s] INFO:colcon.colcon_core.shell:Creating prefix chain script '/home/robousr/ROS2Dev/robot_2025_ws/src/install/setup.ps1'
[8.395s] INFO:colcon.colcon_core.shell:Creating prefix script '/home/robousr/ROS2Dev/robot_2025_ws/src/install/local_setup.sh'
[8.399s] INFO:colcon.colcon_core.shell:Creating prefix util module '/home/robousr/ROS2Dev/robot_2025_ws/src/install/_local_setup_util_sh.py'
[8.402s] INFO:colcon.colcon_core.shell:Creating prefix chain script '/home/robousr/ROS2Dev/robot_2025_ws/src/install/setup.sh'
[8.406s] INFO:colcon.colcon_core.shell:Creating prefix script '/home/robousr/ROS2Dev/robot_2025_ws/src/install/local_setup.bash'
[8.410s] INFO:colcon.colcon_core.shell:Creating prefix chain script '/home/robousr/ROS2Dev/robot_2025_ws/src/install/setup.bash'
[8.412s] INFO:colcon.colcon_core.shell:Creating prefix script '/home/robousr/ROS2Dev/robot_2025_ws/src/install/local_setup.zsh'
[8.418s] INFO:colcon.colcon_core.shell:Creating prefix chain script '/home/robousr/ROS2Dev/robot_2025_ws/src/install/setup.zsh'
